<?xml version="1.0" encoding="UTF-8"?>
<testsuite xmlns:xsi="http://www.w3.org/2001/XMLSchema-instance" xsi:noNamespaceSchemaLocation="https://maven.apache.org/surefire/maven-surefire-plugin/xsd/surefire-test-report-3.0.xsd" version="3.0" name="tests.PetTests" time="86.701" tests="3" errors="0" skipped="0" failures="0">
  <properties>
[...]
</properties>
  <testcase name="deletePet" classname="tests.PetTests" time="31.357">
    <system-out><![CDATA[+++++++++++++++++++++++++++++++++++++++++++
Target environment: DEV
+++++++++++++++++++++++++++++++++++++++++++
Request method:	POST
Request URI:	https://petstore.swagger.io/v2/pet
Proxy:			<none>
Request params:	<none>
Query params:	<none>
Form params:	<none>
Path params:	<none>
Headers:		Accept=*/*
				Content-Type=application/json; charset=UTF-8
Cookies:		<none>
Multiparts:		<none>
Body:
{
    "id": 2093,
    "category": {
        "id": 42,
        "name": "platypus"
    },
    "name": "Jim Shorts",
    "photoUrls": [
        "http://petphoto.com"
    ],
    "tags": [
        {
            "id": 278,
            "name": "Tag 1"
        }
    ],
    "status": "avaliable"
}
Request method:	DELETE
Request URI:	https://petstore.swagger.io/v2/pet/2093
Proxy:			<none>
Request params:	<none>
Query params:	<none>
Form params:	<none>
Path params:	<none>
Headers:		api_key=123
				Accept=*/*
				Content-Type=application/json; charset=UTF-8
Cookies:		<none>
Multiparts:		<none>
Body:			<none>
]]></system-out>
  </testcase>
  <testcase name="findPetbyID" classname="tests.PetTests" time="27.658">
    <system-out><![CDATA[+++++++++++++++++++++++++++++++++++++++++++
Target environment: DEV
+++++++++++++++++++++++++++++++++++++++++++
Request method:	POST
Request URI:	https://petstore.swagger.io/v2/pet
Proxy:			<none>
Request params:	<none>
Query params:	<none>
Form params:	<none>
Path params:	<none>
Headers:		Accept=*/*
				Content-Type=application/json; charset=UTF-8
Cookies:		<none>
Multiparts:		<none>
Body:
{
    "id": 2890,
    "category": {
        "id": 70,
        "name": "chimpanzee"
    },
    "name": "Luna Tick",
    "photoUrls": [
        "http://petphoto.com"
    ],
    "tags": [
        {
            "id": 218,
            "name": "Tag 1"
        }
    ],
    "status": "avaliable"
}
Request method:	GET
Request URI:	https://petstore.swagger.io/v2/pet/2890
Proxy:			<none>
Request params:	<none>
Query params:	<none>
Form params:	<none>
Path params:	<none>
Headers:		Accept=*/*
				Content-Type=application/json; charset=UTF-8
Cookies:		<none>
Multiparts:		<none>
Body:			<none>
]]></system-out>
  </testcase>
  <testcase name="updatePetName" classname="tests.PetTests" time="27.625">
    <system-out><![CDATA[+++++++++++++++++++++++++++++++++++++++++++
Target environment: DEV
+++++++++++++++++++++++++++++++++++++++++++
Request method:	POST
Request URI:	https://petstore.swagger.io/v2/pet
Proxy:			<none>
Request params:	<none>
Query params:	<none>
Form params:	<none>
Path params:	<none>
Headers:		Accept=*/*
				Content-Type=application/json; charset=UTF-8
Cookies:		<none>
Multiparts:		<none>
Body:
{
    "id": 1527,
    "category": {
        "id": 46,
        "name": "oyster"
    },
    "name": "Rory Storm",
    "photoUrls": [
        "http://petphoto.com"
    ],
    "tags": [
        {
            "id": 266,
            "name": "Tag 1"
        }
    ],
    "status": "avaliable"
}
Request method:	PUT
Request URI:	https://petstore.swagger.io/v2/pet
Proxy:			<none>
Request params:	<none>
Query params:	<none>
Form params:	<none>
Path params:	<none>
Headers:		Accept=*/*
				Content-Type=application/json; charset=UTF-8
Cookies:		<none>
Multiparts:		<none>
Body:
{
    "id": 1527,
    "category": {
        "id": 46,
        "name": "oyster"
    },
    "name": "Sugar",
    "photoUrls": [
        "http://petphoto.com"
    ],
    "tags": [
        {
            "id": 266,
            "name": "Tag 1"
        }
    ],
    "status": "avaliable"
}
]]></system-out>
  </testcase>
</testsuite>